This is XeTeX, Version 3.14159265-2.6-0.999991 (TeX Live 2019/Debian) (preloaded format=xelatex 2020.7.29)  29 JUL 2020 14:56
entering extended mode
 restricted \write18 enabled.
 %&-line parsing enabled.
**te_manuscript.tex
(./te_manuscript.tex
LaTeX2e <2020-02-02> patch level 2
L3 programming layer <2020-02-14>

! LaTeX Error: File `apa6.cls' not found.

Type X to quit or <RETURN> to proceed,
or enter new name. (Default extension: cls)

Enter file name: 
! Emergency stop.
<read *> 
         
l.8 \usepackage
               {lmodern}^^M 
Here is how much of TeX's memory you used:
 23 strings out of 481804
 401 string characters out of 5937876
 238532 words of memory out of 5000000
 17115 multiletter control sequences out of 15000+600000
 532338 words of font info for 24 fonts, out of 8000000 for 9000
 14 hyphenation exceptions out of 8191
 14i,0n,17p,88b,10s stack positions out of 5000i,500n,10000p,200000b,80000s

No pages of output.
