13.9653 	EXP 	Created window1 = Window(allowGUI=False, allowStencil=False, args=UNKNOWN, autoLog=True, bitsMode=UNKNOWN, blendMode='avg', color=array([-1., -1., -1.]), colorSpace='rgb', fullscr=<method-wrapper '__getattribute__' of attributeSetter object at 0x137cebc88>, gamma=None, gammaErrorPolicy='raise', kwargs=UNKNOWN, lms=UNKNOWN, monitor=<psychopy.monitors.calibTools.Monitor object at 0x1357df2e8>, multiSample=False, name='window1', numSamples=2, pos=[0.0, 0.0], screen=0, size=array([1440,  900]), stereo=False, units='height', useFBO=True, useRetina=False, viewOri=0.0, viewPos=None, viewScale=None, waitBlanking=True, winType='pyglet')
13.9654 	EXP 	window1: recordFrameIntervals = False
14.1320 	EXP 	window1: recordFrameIntervals = True
14.3158 	EXP 	window1: recordFrameIntervals = False
16.8873 	EXP 	Created text_welcome = TextStim(__class__=<class 'psychopy.visual.text.TextStim'>, alignHoriz='center', alignVert='center', antialias=True, autoLog=True, bold=False, color='white', colorSpace='named', contrast=1.0, depth=0.0, flipHoriz=False, flipVert=False, font='Arial', fontFiles=[], height=0.1, italic=False, languageStyle='LTR', name='text_welcome', opacity=1.0, ori=0, pos=array([0. , 0.1]), rgb=array([255., 255., 255.]), text='Welcome!', units='height', win=Window(...), wrapWidth=1)
16.9076 	EXP 	Created welcome_text = TextStim(__class__=<class 'psychopy.visual.text.TextStim'>, alignHoriz='center', alignVert='center', antialias=True, autoLog=True, bold=False, color='yellow', colorSpace='named', contrast=1.0, depth=-1.0, flipHoriz=False, flipVert=False, font='Arial', fontFiles=[], height=0.05, italic=False, languageStyle='LTR', name='welcome_text', opacity=1.0, ori=0, pos=array([ 0. , -0.1]), rgb=array([255., 255.,   0.]), text='Please, use headphones', units='height', win=Window(...), wrapWidth=1)
16.9209 	EXP 	Created welcome_next = TextStim(__class__=<class 'psychopy.visual.text.TextStim'>, alignHoriz='center', alignVert='center', antialias=True, autoLog=True, bold=False, color='yellow', colorSpace='named', contrast=1.0, depth=-2.0, flipHoriz=False, flipVert=False, font='Arial', fontFiles=[], height=0.05, italic=False, languageStyle='LTR', name='welcome_next', opacity=1.0, ori=0, pos=array([ 0.5, -0.4]), rgb=array([255., 255.,   0.]), text="Press 'return' key >>", units='height', win=Window(...), wrapWidth=1)
17.1522 	EXP 	Created instructions_title = TextStim(__class__=<class 'psychopy.visual.text.TextStim'>, alignHoriz='center', alignVert='center', antialias=True, autoLog=True, bold=False, color='yellow', colorSpace='named', contrast=1.0, depth=0.0, flipHoriz=False, flipVert=False, font='Arial', fontFiles=[], height=0.08, italic=False, languageStyle='LTR', name='instructions_title', opacity=1.0, ori=0, pos=array([0. , 0.4]), rgb=array([255., 255.,   0.]), text='Instructions', units='height', win=Window(...), wrapWidth=1)
17.2061 	EXP 	Created instructions_text = TextStim(__class__=<class 'psychopy.visual.text.TextStim'>, alignHoriz='center', alignVert='center', antialias=True, autoLog=True, bold=False, color='white', colorSpace='named', contrast=1.0, depth=-1.0, flipHoriz=False, flipVert=False, font='Arial', fontFiles=[], height=0.05, italic=False, languageStyle='LTR', name='instructions_text', opacity=1.0, ori=0, pos=array([0., 0.]), rgb=array([255., 255., 255.]), text=str(...), units='height', win=Window(...), wrapWidth=1)
17.2152 	EXP 	Created instructions_next = TextStim(__class__=<class 'psychopy.visual.text.TextStim'>, alignHoriz='center', alignVert='center', antialias=True, autoLog=True, bold=False, color='yellow', colorSpace='named', contrast=1.0, depth=-2.0, flipHoriz=False, flipVert=False, font='Arial', fontFiles=[], height=0.05, italic=False, languageStyle='LTR', name='instructions_next', opacity=1.0, ori=0, pos=array([ 0.5, -0.4]), rgb=array([255., 255.,   0.]), text="Press 'return' to start! >", units='height', win=Window(...), wrapWidth=1)
17.4315 	EXP 	Created trial_fixation = TextStim(__class__=<class 'psychopy.visual.text.TextStim'>, alignHoriz='center', alignVert='center', antialias=True, autoLog=True, bold=False, color='yellow', colorSpace='named', contrast=1.0, depth=0.0, flipHoriz=False, flipVert=False, font='Arial', fontFiles=[], height=0.15, italic=False, languageStyle='LTR', name='trial_fixation', opacity=1.0, ori=0, pos=array([0., 0.]), rgb=array([255., 255.,   0.]), text='+', units='height', win=Window(...), wrapWidth=1)
17.4489 	EXP 	Created trial_word = TextStim(__class__=<class 'psychopy.visual.text.TextStim'>, alignHoriz='center', alignVert='center', antialias=True, autoLog=True, bold=False, color='white', colorSpace='named', contrast=1.0, depth=-1.0, flipHoriz=False, flipVert=False, font='Arial', fontFiles=[], height=0.025, italic=False, languageStyle='LTR', name='trial_word', opacity=1.0, ori=0, pos=array([-0.4,  0.3]), rgb=array([255., 255., 255.]), text='default text', units='height', win=Window(...), wrapWidth=1)
17.5215 	EXP 	Sound trial_sound set volume 1.000
17.5227 	EXP 	Created trial_response_display = TextStim(__class__=<class 'psychopy.visual.text.TextStim'>, alignHoriz='center', alignVert='center', antialias=True, autoLog=True, bold=False, color='yellow', colorSpace='named', contrast=1.0, depth=-3.0, flipHoriz=False, flipVert=False, font='Arial', fontFiles=[], height=0.1, italic=False, languageStyle='LTR', name='trial_response_display', opacity=1.0, ori=0, pos=array([0., 0.]), rgb=array([255., 255.,   0.]), text='', units='height', win=Window(...), wrapWidth=1)
17.5372 	EXP 	Created farewell_text = TextStim(__class__=<class 'psychopy.visual.text.TextStim'>, alignHoriz='center', alignVert='center', antialias=True, autoLog=True, bold=False, color='white', colorSpace='named', contrast=1.0, depth=0.0, flipHoriz=False, flipVert=False, font='Arial', fontFiles=[], height=0.1, italic=False, languageStyle='LTR', name='farewell_text', opacity=1.0, ori=0, pos=array([0., 0.]), rgb=array([255., 255., 255.]), text='Thank you!', units='height', win=Window(...), wrapWidth=1)
17.7651 	EXP 	Created farewell_next = TextStim(__class__=<class 'psychopy.visual.text.TextStim'>, alignHoriz='center', alignVert='center', antialias=True, autoLog=True, bold=False, color='yellow', colorSpace='named', contrast=1.0, depth=-2.0, flipHoriz=False, flipVert=False, font='Arial', fontFiles=[], height=0.05, italic=False, languageStyle='LTR', name='farewell_next', opacity=1.0, ori=0, pos=array([ 0.5, -0.4]), rgb=array([255., 255.,   0.]), text="Press 'return' key >>", units='height', win=Window(...), wrapWidth=1)
17.7898 	EXP 	text_welcome: autoDraw = True
17.7898 	EXP 	welcome_text: autoDraw = True
17.7898 	EXP 	welcome_next: autoDraw = True
19.0349 	DATA 	Keypress: return
19.0447 	EXP 	text_welcome: autoDraw = False
19.0447 	EXP 	welcome_text: autoDraw = False
19.0447 	EXP 	welcome_next: autoDraw = False
19.0447 	EXP 	instructions_title: autoDraw = True
19.0447 	EXP 	instructions_text: autoDraw = True
19.0447 	EXP 	instructions_next: autoDraw = True
19.4914 	EXP 	Imported Stimuli/trials.xlsx as conditions, 86 conditions, 3 params
19.4925 	EXP 	Created sequence: random, trialTypes=86, nReps=1, seed=None
19.4929 	EXP 	New trial (rep=0, index=0): OrderedDict([('TrialID', 35), ('Word', 'galeta'), ('FileName', 'Stimuli/Sounds/galeta.wav')])
19.5213 	DATA 	Keypress: return
19.5286 	EXP 	instructions_title: autoDraw = False
19.5286 	EXP 	instructions_text: autoDraw = False
19.5286 	EXP 	instructions_next: autoDraw = False
19.5286 	EXP 	trial_word: text = '[Testing sound: galeta]'
19.5286 	EXP 	trial_response_display: text = ''
19.5286 	EXP 	trial_fixation: autoDraw = True
19.5286 	EXP 	trial_response_display: text = ''
20.5136 	EXP 	trial_word: autoDraw = True
20.5136 	EXP 	trial_response_display: autoDraw = True
20.5303 	EXP 	trial_fixation: autoDraw = False
23.2926 	DATA 	Keypress: j
23.3211 	EXP 	trial_response_display: text = 'j'
23.4062 	DATA 	Keypress: j
23.4219 	EXP 	trial_response_display: text = 'jj'
23.5588 	DATA 	Keypress: f
23.5888 	EXP 	trial_response_display: text = 'jjf'
23.6585 	DATA 	Keypress: s
23.6600 	DATA 	Keypress: d
23.6734 	EXP 	trial_response_display: text = 'jjfs'
23.6910 	DATA 	Keypress: k
23.7058 	EXP 	trial_response_display: text = 'jjfsk'
23.7759 	DATA 	Keypress: v
23.7775 	DATA 	Keypress: n
23.8062 	EXP 	trial_response_display: text = 'jjfskv'
24.0758 	DATA 	Keypress: backspace
24.0902 	EXP 	trial_response_display: text = 'jjfsk'
24.4117 	DATA 	Keypress: backspace
24.4425 	EXP 	trial_response_display: text = 'jjfs'
24.6780 	DATA 	Keypress: c
24.7080 	EXP 	trial_response_display: text = 'jjfsc'
24.8271 	DATA 	Keypress: j
24.8417 	EXP 	trial_response_display: text = 'jjfscj'
25.0276 	DATA 	Keypress: d
25.0449 	EXP 	trial_response_display: text = 'jjfscjd'
25.1634 	DATA 	Keypress: k
25.1928 	EXP 	trial_response_display: text = 'jjfscjdk'
25.3460 	DATA 	Keypress: k
25.3607 	EXP 	trial_response_display: text = 'jjfscjdkk'
26.0148 	EXP 	New trial (rep=0, index=1): OrderedDict([('TrialID', 83), ('Word', 'ungla'), ('FileName', 'Stimuli/Sounds/ungla.wav')])
26.0452 	EXP 	trial_word: autoDraw = False
26.0452 	EXP 	trial_response_display: autoDraw = False
26.0452 	EXP 	trial_fixation: autoDraw = False
26.0452 	EXP 	trial_word: autoDraw = False
26.0452 	EXP 	trial_response_display: autoDraw = False
26.0452 	EXP 	trial_word: text = '[Testing sound: ungla]'
26.0452 	EXP 	trial_response_display: text = ''
26.0452 	EXP 	trial_fixation: autoDraw = True
27.0313 	EXP 	trial_word: autoDraw = True
27.0313 	EXP 	trial_response_display: autoDraw = True
27.0477 	EXP 	trial_fixation: autoDraw = False
28.0874 	DATA 	Keypress: escape
28.6426 	EXP 	window1: mouseVisible = True
