14.8563 	EXP 	Created window1 = Window(allowGUI=False, allowStencil=False, args=UNKNOWN, autoLog=True, bitsMode=UNKNOWN, blendMode='avg', color=array([-1., -1., -1.]), colorSpace='rgb', fullscr=<method-wrapper '__getattribute__' of attributeSetter object at 0x13779aef0>, gamma=None, gammaErrorPolicy='raise', kwargs=UNKNOWN, lms=UNKNOWN, monitor=<psychopy.monitors.calibTools.Monitor object at 0x1376265c0>, multiSample=False, name='window1', numSamples=2, pos=[0.0, 0.0], screen=0, size=array([1440,  900]), stereo=False, units='height', useFBO=True, useRetina=False, viewOri=0.0, viewPos=None, viewScale=None, waitBlanking=True, winType='pyglet')
14.8563 	EXP 	window1: recordFrameIntervals = False
15.0220 	EXP 	window1: recordFrameIntervals = True
15.2060 	EXP 	window1: recordFrameIntervals = False
17.4020 	EXP 	Created text_welcome = TextStim(__class__=<class 'psychopy.visual.text.TextStim'>, alignHoriz='center', alignVert='center', antialias=True, autoLog=True, bold=False, color='white', colorSpace='named', contrast=1.0, depth=0.0, flipHoriz=False, flipVert=False, font='Arial', fontFiles=[], height=0.1, italic=False, languageStyle='LTR', name='text_welcome', opacity=1.0, ori=0, pos=array([0. , 0.1]), rgb=array([255., 255., 255.]), text='Welcome!', units='height', win=Window(...), wrapWidth=1)
17.4215 	EXP 	Created welcome_text = TextStim(__class__=<class 'psychopy.visual.text.TextStim'>, alignHoriz='center', alignVert='center', antialias=True, autoLog=True, bold=False, color='yellow', colorSpace='named', contrast=1.0, depth=-1.0, flipHoriz=False, flipVert=False, font='Arial', fontFiles=[], height=0.05, italic=False, languageStyle='LTR', name='welcome_text', opacity=1.0, ori=0, pos=array([ 0. , -0.1]), rgb=array([255., 255.,   0.]), text='Please, use headphones', units='height', win=Window(...), wrapWidth=1)
17.4348 	EXP 	Created welcome_next = TextStim(__class__=<class 'psychopy.visual.text.TextStim'>, alignHoriz='center', alignVert='center', antialias=True, autoLog=True, bold=False, color='yellow', colorSpace='named', contrast=1.0, depth=-2.0, flipHoriz=False, flipVert=False, font='Arial', fontFiles=[], height=0.05, italic=False, languageStyle='LTR', name='welcome_next', opacity=1.0, ori=0, pos=array([ 0.5, -0.4]), rgb=array([255., 255.,   0.]), text="Press 'return' key >>", units='height', win=Window(...), wrapWidth=1)
17.6688 	EXP 	Created instructions_title = TextStim(__class__=<class 'psychopy.visual.text.TextStim'>, alignHoriz='center', alignVert='center', antialias=True, autoLog=True, bold=False, color='yellow', colorSpace='named', contrast=1.0, depth=0.0, flipHoriz=False, flipVert=False, font='Arial', fontFiles=[], height=0.08, italic=False, languageStyle='LTR', name='instructions_title', opacity=1.0, ori=0, pos=array([0. , 0.4]), rgb=array([255., 255.,   0.]), text='Instructions', units='height', win=Window(...), wrapWidth=1)
17.7133 	EXP 	Created instructions_text = TextStim(__class__=<class 'psychopy.visual.text.TextStim'>, alignHoriz='center', alignVert='center', antialias=True, autoLog=True, bold=False, color='white', colorSpace='named', contrast=1.0, depth=-1.0, flipHoriz=False, flipVert=False, font='Arial', fontFiles=[], height=0.05, italic=False, languageStyle='LTR', name='instructions_text', opacity=1.0, ori=0, pos=array([0., 0.]), rgb=array([255., 255., 255.]), text=str(...), units='height', win=Window(...), wrapWidth=1)
17.7218 	EXP 	Created instructions_next = TextStim(__class__=<class 'psychopy.visual.text.TextStim'>, alignHoriz='center', alignVert='center', antialias=True, autoLog=True, bold=False, color='yellow', colorSpace='named', contrast=1.0, depth=-2.0, flipHoriz=False, flipVert=False, font='Arial', fontFiles=[], height=0.05, italic=False, languageStyle='LTR', name='instructions_next', opacity=1.0, ori=0, pos=array([ 0.5, -0.4]), rgb=array([255., 255.,   0.]), text="Press 'return' to start! >>", units='height', win=Window(...), wrapWidth=1)
17.9466 	EXP 	Created trial_fixation = TextStim(__class__=<class 'psychopy.visual.text.TextStim'>, alignHoriz='center', alignVert='center', antialias=True, autoLog=True, bold=False, color='yellow', colorSpace='named', contrast=1.0, depth=0.0, flipHoriz=False, flipVert=False, font='Arial', fontFiles=[], height=0.2, italic=False, languageStyle='LTR', name='trial_fixation', opacity=1.0, ori=0, pos=array([0., 0.]), rgb=array([255., 255.,   0.]), text='+', units='height', win=Window(...), wrapWidth=1)
18.0227 	EXP 	Sound trial_sound set volume 1.000
18.0245 	EXP 	Created trial_response_display = TextStim(__class__=<class 'psychopy.visual.text.TextStim'>, alignHoriz='center', alignVert='center', antialias=True, autoLog=True, bold=False, color='yellow', colorSpace='named', contrast=1.0, depth=-2.0, flipHoriz=False, flipVert=False, font='Arial', fontFiles=[], height=0.1, italic=False, languageStyle='LTR', name='trial_response_display', opacity=1.0, ori=0, pos=array([0., 0.]), rgb=array([255., 255.,   0.]), text='', units='height', win=Window(...), wrapWidth=1)
18.0354 	EXP 	Created farewell_text = TextStim(__class__=<class 'psychopy.visual.text.TextStim'>, alignHoriz='center', alignVert='center', antialias=True, autoLog=True, bold=False, color='white', colorSpace='named', contrast=1.0, depth=0.0, flipHoriz=False, flipVert=False, font='Arial', fontFiles=[], height=0.1, italic=False, languageStyle='LTR', name='farewell_text', opacity=1.0, ori=0, pos=array([0., 0.]), rgb=array([255., 255., 255.]), text='Thank you!', units='height', win=Window(...), wrapWidth=1)
18.2620 	EXP 	Created farewell_next = TextStim(__class__=<class 'psychopy.visual.text.TextStim'>, alignHoriz='center', alignVert='center', antialias=True, autoLog=True, bold=False, color='yellow', colorSpace='named', contrast=1.0, depth=-2.0, flipHoriz=False, flipVert=False, font='Arial', fontFiles=[], height=0.05, italic=False, languageStyle='LTR', name='farewell_next', opacity=1.0, ori=0, pos=array([ 0.5, -0.4]), rgb=array([255., 255.,   0.]), text="Press 'return' key >>", units='height', win=Window(...), wrapWidth=1)
18.2795 	EXP 	text_welcome: autoDraw = True
18.2795 	EXP 	welcome_text: autoDraw = True
18.2795 	EXP 	welcome_next: autoDraw = True
19.5157 	DATA 	Keypress: return
19.5333 	EXP 	text_welcome: autoDraw = False
19.5333 	EXP 	welcome_text: autoDraw = False
19.5333 	EXP 	welcome_next: autoDraw = False
19.5333 	EXP 	instructions_title: autoDraw = True
19.5333 	EXP 	instructions_text: autoDraw = True
19.5333 	EXP 	instructions_next: autoDraw = True
20.1643 	EXP 	Imported Stimuli/trials.xlsx as conditions, 86 conditions, 3 params
20.1652 	EXP 	Created sequence: random, trialTypes=86, nReps=1, seed=None
20.1656 	EXP 	New trial (rep=0, index=0): OrderedDict([('TrialID', 60), ('Word', 'papallona'), ('FileName', 'Stimuli/Sounds/papallona.wav')])
20.1806 	DATA 	Keypress: return
20.2015 	EXP 	instructions_title: autoDraw = False
20.2015 	EXP 	instructions_text: autoDraw = False
20.2015 	EXP 	instructions_next: autoDraw = False
20.2015 	EXP 	trial_response_display: text = ''
20.2015 	EXP 	trial_fixation: autoDraw = True
21.1706 	EXP 	trial_response_display: autoDraw = True
21.2050 	EXP 	trial_fixation: autoDraw = False
22.7959 	DATA 	Keypress: j
22.8252 	EXP 	trial_response_display: text = 'j'
22.9443 	DATA 	Keypress: j
22.9587 	EXP 	trial_response_display: text = 'jj'
23.0775 	DATA 	Keypress: j
23.0924 	EXP 	trial_response_display: text = 'jjj'
23.2125 	DATA 	Keypress: j
23.2266 	EXP 	trial_response_display: text = 'jjjj'
23.3455 	DATA 	Keypress: j
23.3604 	EXP 	trial_response_display: text = 'jjjjj'
23.5631 	DATA 	Keypress: j
23.5772 	EXP 	trial_response_display: text = 'jjjjjj'
26.6720 	EXP 	New trial (rep=0, index=1): OrderedDict([('TrialID', 71), ('Word', 'porta'), ('FileName', 'Stimuli/Sounds/porta.wav')])
26.6854 	EXP 	trial_response_display: autoDraw = False
26.6854 	EXP 	trial_fixation: autoDraw = False
26.6854 	EXP 	trial_response_display: autoDraw = False
26.6854 	EXP 	trial_response_display: text = ''
26.6854 	EXP 	trial_fixation: autoDraw = True
27.1720 	DATA 	Keypress: escape
27.7045 	EXP 	window1: mouseVisible = True
