13.7008 	EXP 	Created window1 = Window(allowGUI=False, allowStencil=False, args=UNKNOWN, autoLog=True, bitsMode=UNKNOWN, blendMode='avg', color=array([-1., -1., -1.]), colorSpace='rgb', fullscr=<method-wrapper '__getattribute__' of attributeSetter object at 0x137c5bc88>, gamma=None, gammaErrorPolicy='raise', kwargs=UNKNOWN, lms=UNKNOWN, monitor=<psychopy.monitors.calibTools.Monitor object at 0x1376832b0>, multiSample=False, name='window1', numSamples=2, pos=[0.0, 0.0], screen=0, size=array([1440,  900]), stereo=False, units='height', useFBO=True, useRetina=False, viewOri=0.0, viewPos=None, viewScale=None, waitBlanking=True, winType='pyglet')
13.7009 	EXP 	window1: recordFrameIntervals = False
13.8667 	EXP 	window1: recordFrameIntervals = True
14.0507 	EXP 	window1: recordFrameIntervals = False
16.2056 	EXP 	Created text_welcome = TextStim(__class__=<class 'psychopy.visual.text.TextStim'>, alignHoriz='center', alignVert='center', antialias=True, autoLog=True, bold=False, color='white', colorSpace='named', contrast=1.0, depth=0.0, flipHoriz=False, flipVert=False, font='Arial', fontFiles=[], height=0.1, italic=False, languageStyle='LTR', name='text_welcome', opacity=1.0, ori=0, pos=array([0., 0.]), rgb=array([255., 255., 255.]), text='Welcome!', units='height', win=Window(...), wrapWidth=1)
16.2259 	EXP 	Created welcome_next = TextStim(__class__=<class 'psychopy.visual.text.TextStim'>, alignHoriz='center', alignVert='center', antialias=True, autoLog=True, bold=False, color='yellow', colorSpace='named', contrast=1.0, depth=-1.0, flipHoriz=False, flipVert=False, font='Arial', fontFiles=[], height=0.05, italic=False, languageStyle='LTR', name='welcome_next', opacity=1.0, ori=0, pos=array([ 0.5, -0.4]), rgb=array([255., 255.,   0.]), text="Press 'return' key >>", units='height', win=Window(...), wrapWidth=1)
16.4487 	EXP 	Created instructions_title = TextStim(__class__=<class 'psychopy.visual.text.TextStim'>, alignHoriz='center', alignVert='center', antialias=True, autoLog=True, bold=False, color='yellow', colorSpace='named', contrast=1.0, depth=0.0, flipHoriz=False, flipVert=False, font='Arial', fontFiles=[], height=0.08, italic=False, languageStyle='LTR', name='instructions_title', opacity=1.0, ori=0, pos=array([0. , 0.4]), rgb=array([255., 255.,   0.]), text='Instructions', units='height', win=Window(...), wrapWidth=1)
16.5050 	EXP 	Created instructions_text = TextStim(__class__=<class 'psychopy.visual.text.TextStim'>, alignHoriz='center', alignVert='center', antialias=True, autoLog=True, bold=False, color='white', colorSpace='named', contrast=1.0, depth=-1.0, flipHoriz=False, flipVert=False, font='Arial', fontFiles=[], height=0.05, italic=False, languageStyle='LTR', name='instructions_text', opacity=1.0, ori=0, pos=array([0., 0.]), rgb=array([255., 255., 255.]), text=str(...), units='height', win=Window(...), wrapWidth=1)
16.5136 	EXP 	Created instructions_next = TextStim(__class__=<class 'psychopy.visual.text.TextStim'>, alignHoriz='center', alignVert='center', antialias=True, autoLog=True, bold=False, color='yellow', colorSpace='named', contrast=1.0, depth=-2.0, flipHoriz=False, flipVert=False, font='Arial', fontFiles=[], height=0.05, italic=False, languageStyle='LTR', name='instructions_next', opacity=1.0, ori=0, pos=array([ 0.5, -0.4]), rgb=array([255., 255.,   0.]), text="Press 'return' to start! >", units='height', win=Window(...), wrapWidth=1)
16.7260 	EXP 	Created trial_fixation = TextStim(__class__=<class 'psychopy.visual.text.TextStim'>, alignHoriz='center', alignVert='center', antialias=True, autoLog=True, bold=False, color='yellow', colorSpace='named', contrast=1.0, depth=0.0, flipHoriz=False, flipVert=False, font='Arial', fontFiles=[], height=0.15, italic=False, languageStyle='LTR', name='trial_fixation', opacity=1.0, ori=0, pos=array([0., 0.]), rgb=array([255., 255.,   0.]), text='+', units='height', win=Window(...), wrapWidth=1)
16.7418 	EXP 	Created trial_word = TextStim(__class__=<class 'psychopy.visual.text.TextStim'>, alignHoriz='center', alignVert='center', antialias=True, autoLog=True, bold=False, color='white', colorSpace='named', contrast=1.0, depth=-1.0, flipHoriz=False, flipVert=False, font='Arial', fontFiles=[], height=0.025, italic=False, languageStyle='LTR', name='trial_word', opacity=1.0, ori=0, pos=array([-0.4,  0.3]), rgb=array([255., 255., 255.]), text='default text', units='height', win=Window(...), wrapWidth=1)
16.7968 	EXP 	Sound trial_sound set volume 1.000
16.8099 	EXP 	Created trial_response_display = TextStim(__class__=<class 'psychopy.visual.text.TextStim'>, alignHoriz='center', alignVert='center', antialias=True, autoLog=True, bold=False, color='yellow', colorSpace='named', contrast=1.0, depth=-3.0, flipHoriz=False, flipVert=False, font='Arial', fontFiles=[], height=0.1, italic=False, languageStyle='LTR', name='trial_response_display', opacity=1.0, ori=0, pos=array([0., 0.]), rgb=array([255., 255.,   0.]), text='default text', units='height', win=Window(...), wrapWidth=1)
16.8248 	EXP 	Created farewell_text = TextStim(__class__=<class 'psychopy.visual.text.TextStim'>, alignHoriz='center', alignVert='center', antialias=True, autoLog=True, bold=False, color='white', colorSpace='named', contrast=1.0, depth=0.0, flipHoriz=False, flipVert=False, font='Arial', fontFiles=[], height=0.1, italic=False, languageStyle='LTR', name='farewell_text', opacity=1.0, ori=0, pos=array([0., 0.]), rgb=array([255., 255., 255.]), text='Thank you!', units='height', win=Window(...), wrapWidth=1)
17.0511 	EXP 	Created farewell_next = TextStim(__class__=<class 'psychopy.visual.text.TextStim'>, alignHoriz='center', alignVert='center', antialias=True, autoLog=True, bold=False, color='yellow', colorSpace='named', contrast=1.0, depth=-2.0, flipHoriz=False, flipVert=False, font='Arial', fontFiles=[], height=0.05, italic=False, languageStyle='LTR', name='farewell_next', opacity=1.0, ori=0, pos=array([ 0.5, -0.4]), rgb=array([255., 255.,   0.]), text="Press 'return' key >>", units='height', win=Window(...), wrapWidth=1)
17.0743 	EXP 	text_welcome: autoDraw = True
17.0743 	EXP 	welcome_next: autoDraw = True
18.7920 	DATA 	Keypress: return
18.8128 	EXP 	text_welcome: autoDraw = False
18.8128 	EXP 	welcome_next: autoDraw = False
18.8128 	EXP 	instructions_title: autoDraw = True
18.8128 	EXP 	instructions_text: autoDraw = True
18.8128 	EXP 	instructions_next: autoDraw = True
20.4058 	EXP 	Imported Stimuli/trials.xlsx as conditions, 86 conditions, 3 params
20.4068 	EXP 	Created sequence: random, trialTypes=86, nReps=1, seed=None
20.4071 	EXP 	New trial (rep=0, index=0): OrderedDict([('TrialID', 82), ('Word', 'ulleres'), ('FileName', 'Stimuli/Sounds/ulleres.wav')])
20.4491 	DATA 	Keypress: return
20.4667 	EXP 	instructions_title: autoDraw = False
20.4667 	EXP 	instructions_text: autoDraw = False
20.4667 	EXP 	instructions_next: autoDraw = False
20.4667 	EXP 	trial_word: text = '[Testing sound: ulleres]'
20.4667 	EXP 	trial_response_display: text = ' '
20.4667 	EXP 	trial_fixation: autoDraw = True
20.4667 	EXP 	trial_response_display: text = ''
21.4523 	EXP 	trial_word: autoDraw = True
21.4523 	EXP 	trial_response_display: autoDraw = True
21.4693 	EXP 	trial_fixation: autoDraw = False
24.9489 	DATA 	Keypress: g
24.9786 	EXP 	trial_response_display: text = 'g'
25.1824 	DATA 	Keypress: l
25.2133 	EXP 	trial_response_display: text = 'gl'
25.2979 	DATA 	Keypress: a
25.3123 	EXP 	trial_response_display: text = 'gla'
25.4478 	DATA 	Keypress: s
25.4631 	EXP 	trial_response_display: text = 'glas'
25.5822 	DATA 	Keypress: s
25.5968 	EXP 	trial_response_display: text = 'glass'
25.7318 	DATA 	Keypress: e
25.7479 	EXP 	trial_response_display: text = 'glasse'
25.8673 	DATA 	Keypress: s
25.8977 	EXP 	trial_response_display: text = 'glasses'
26.9547 	EXP 	New trial (rep=0, index=1): OrderedDict([('TrialID', 79), ('Word', 'tomàquet'), ('FileName', 'Stimuli/Sounds/tomaquet.wav')])
26.9836 	EXP 	trial_word: autoDraw = False
26.9836 	EXP 	trial_response_display: autoDraw = False
26.9836 	EXP 	trial_fixation: autoDraw = False
26.9836 	EXP 	trial_word: autoDraw = False
26.9836 	EXP 	trial_response_display: autoDraw = False
26.9836 	EXP 	trial_word: text = '[Testing sound: tomàquet]'
26.9836 	EXP 	trial_response_display: text = ' '
26.9836 	EXP 	trial_fixation: autoDraw = True
27.9870 	EXP 	trial_word: autoDraw = True
27.9870 	EXP 	trial_response_display: autoDraw = True
28.0037 	EXP 	trial_fixation: autoDraw = False
30.7293 	DATA 	Keypress: t
30.7444 	EXP 	trial_response_display: text = 't'
30.7955 	DATA 	Keypress: o
30.8111 	EXP 	trial_response_display: text = 'to'
30.8623 	DATA 	Keypress: m
30.8779 	EXP 	trial_response_display: text = 'tom'
30.9463 	DATA 	Keypress: a
30.9617 	EXP 	trial_response_display: text = 'toma'
31.1310 	DATA 	Keypress: t
31.1621 	EXP 	trial_response_display: text = 'tomat'
31.2973 	DATA 	Keypress: o
31.3129 	EXP 	trial_response_display: text = 'tomato'
33.4872 	EXP 	New trial (rep=0, index=2): OrderedDict([('TrialID', 40), ('Word', 'globus'), ('FileName', 'Stimuli/Sounds/globus.wav')])
33.5177 	EXP 	trial_word: autoDraw = False
33.5177 	EXP 	trial_response_display: autoDraw = False
33.5177 	EXP 	trial_fixation: autoDraw = False
33.5177 	EXP 	trial_word: autoDraw = False
33.5177 	EXP 	trial_response_display: autoDraw = False
33.5177 	EXP 	trial_word: text = '[Testing sound: globus]'
33.5177 	EXP 	trial_response_display: text = ' '
33.5177 	EXP 	trial_fixation: autoDraw = True
34.4869 	EXP 	trial_word: autoDraw = True
34.4869 	EXP 	trial_response_display: autoDraw = True
34.5215 	EXP 	trial_fixation: autoDraw = False
36.6295 	DATA 	Keypress: b
36.6605 	EXP 	trial_response_display: text = 'b'
36.7627 	DATA 	Keypress: a
36.7767 	EXP 	trial_response_display: text = 'ba'
36.8623 	DATA 	Keypress: l
36.8774 	EXP 	trial_response_display: text = 'bal'
36.9641 	DATA 	Keypress: l
36.9771 	EXP 	trial_response_display: text = 'ball'
37.1299 	DATA 	Keypress: o
37.1447 	EXP 	trial_response_display: text = 'ballo'
37.2294 	DATA 	Keypress: o
37.2451 	EXP 	trial_response_display: text = 'balloo'
37.4137 	DATA 	Keypress: n
37.4292 	EXP 	trial_response_display: text = 'balloon'
39.9727 	EXP 	New trial (rep=0, index=3): OrderedDict([('TrialID', 7), ('Word', 'berenar'), ('FileName', 'Stimuli/Sounds/berenar.wav')])
40.0187 	EXP 	trial_word: autoDraw = False
40.0187 	EXP 	trial_response_display: autoDraw = False
40.0187 	EXP 	trial_fixation: autoDraw = False
40.0187 	EXP 	trial_word: autoDraw = False
40.0187 	EXP 	trial_response_display: autoDraw = False
40.0187 	EXP 	trial_word: text = '[Testing sound: berenar]'
40.0187 	EXP 	trial_response_display: text = ' '
40.0187 	EXP 	trial_fixation: autoDraw = True
41.0063 	EXP 	trial_word: autoDraw = True
41.0063 	EXP 	trial_response_display: autoDraw = True
41.0223 	EXP 	trial_fixation: autoDraw = False
43.1304 	DATA 	Keypress: s
43.1611 	EXP 	trial_response_display: text = 's'
43.1978 	DATA 	Keypress: n
43.2271 	EXP 	trial_response_display: text = 'sn'
43.2807 	DATA 	Keypress: a
43.3106 	EXP 	trial_response_display: text = 'sna'
43.4475 	DATA 	Keypress: c
43.4777 	EXP 	trial_response_display: text = 'snac'
43.5339 	DATA 	Keypress: k
43.5782 	EXP 	trial_response_display: text = 'snack'
46.5069 	EXP 	New trial (rep=0, index=4): OrderedDict([('TrialID', 69), ('Word', 'poma'), ('FileName', 'Stimuli/Sounds/poma.wav')])
46.5533 	EXP 	trial_word: autoDraw = False
46.5533 	EXP 	trial_response_display: autoDraw = False
46.5533 	EXP 	trial_fixation: autoDraw = False
46.5533 	EXP 	trial_word: autoDraw = False
46.5533 	EXP 	trial_response_display: autoDraw = False
46.5533 	EXP 	trial_word: text = '[Testing sound: poma]'
46.5533 	EXP 	trial_response_display: text = ' '
46.5533 	EXP 	trial_fixation: autoDraw = True
47.5393 	EXP 	trial_word: autoDraw = True
47.5393 	EXP 	trial_response_display: autoDraw = True
47.5565 	EXP 	trial_fixation: autoDraw = False
49.1804 	DATA 	Keypress: a
49.2102 	EXP 	trial_response_display: text = 'a'
49.2293 	DATA 	Keypress: p
49.2436 	EXP 	trial_response_display: text = 'ap'
49.3639 	DATA 	Keypress: p
49.3776 	EXP 	trial_response_display: text = 'app'
49.4482 	DATA 	Keypress: l
49.4946 	EXP 	trial_response_display: text = 'appl'
49.6163 	DATA 	Keypress: e
49.6462 	EXP 	trial_response_display: text = 'apple'
53.0403 	EXP 	New trial (rep=0, index=5): OrderedDict([('TrialID', 26), ('Word', 'dit'), ('FileName', 'Stimuli/Sounds/dit.wav')])
53.0868 	EXP 	trial_word: autoDraw = False
53.0868 	EXP 	trial_response_display: autoDraw = False
53.0868 	EXP 	trial_fixation: autoDraw = False
53.0868 	EXP 	trial_word: autoDraw = False
53.0868 	EXP 	trial_response_display: autoDraw = False
53.0868 	EXP 	trial_word: text = '[Testing sound: dit]'
53.0868 	EXP 	trial_response_display: text = ' '
53.0868 	EXP 	trial_fixation: autoDraw = True
54.0562 	EXP 	trial_word: autoDraw = True
54.0562 	EXP 	trial_response_display: autoDraw = True
54.0896 	EXP 	trial_fixation: autoDraw = False
57.6688 	DATA 	Keypress: f
57.6829 	EXP 	trial_response_display: text = 'f'
57.7017 	DATA 	Keypress: i
57.7325 	EXP 	trial_response_display: text = 'fi'
57.7684 	DATA 	Keypress: n
57.7990 	EXP 	trial_response_display: text = 'fin'
57.8232 	DATA 	Keypress: g
57.8503 	EXP 	trial_response_display: text = 'fing'
57.9190 	DATA 	Keypress: e
57.9501 	EXP 	trial_response_display: text = 'finge'
58.0018 	DATA 	Keypress: r
58.0328 	EXP 	trial_response_display: text = 'finger'
59.5429 	DATA 	Keypress: escape
60.0881 	EXP 	window1: mouseVisible = True
