13.8532 	EXP 	Created window1 = Window(allowGUI=False, allowStencil=False, args=UNKNOWN, autoLog=True, bitsMode=UNKNOWN, blendMode='avg', color=array([-1., -1., -1.]), colorSpace='rgb', fullscr=<method-wrapper '__getattribute__' of attributeSetter object at 0x13726cbe0>, gamma=None, gammaErrorPolicy='raise', kwargs=UNKNOWN, lms=UNKNOWN, monitor=<psychopy.monitors.calibTools.Monitor object at 0x137bbb240>, multiSample=False, name='window1', numSamples=2, pos=[0.0, 0.0], screen=0, size=array([1440,  900]), stereo=False, units='height', useFBO=True, useRetina=False, viewOri=0.0, viewPos=None, viewScale=None, waitBlanking=True, winType='pyglet')
13.8533 	EXP 	window1: recordFrameIntervals = False
14.0194 	EXP 	window1: recordFrameIntervals = True
14.2032 	EXP 	window1: recordFrameIntervals = False
16.8836 	EXP 	Created text_welcome = TextStim(__class__=<class 'psychopy.visual.text.TextStim'>, alignHoriz='center', alignVert='center', antialias=True, autoLog=True, bold=False, color='white', colorSpace='named', contrast=1.0, depth=0.0, flipHoriz=False, flipVert=False, font='Arial', fontFiles=[], height=0.1, italic=False, languageStyle='LTR', name='text_welcome', opacity=1.0, ori=0, pos=array([0., 0.]), rgb=array([255., 255., 255.]), text='Welcome!', units='height', win=Window(...), wrapWidth=1)
16.9038 	EXP 	Created welcome_next = TextStim(__class__=<class 'psychopy.visual.text.TextStim'>, alignHoriz='center', alignVert='center', antialias=True, autoLog=True, bold=False, color='yellow', colorSpace='named', contrast=1.0, depth=-1.0, flipHoriz=False, flipVert=False, font='Arial', fontFiles=[], height=0.05, italic=False, languageStyle='LTR', name='welcome_next', opacity=1.0, ori=0, pos=array([ 0.5, -0.4]), rgb=array([255., 255.,   0.]), text="Press 'return' key >>", units='height', win=Window(...), wrapWidth=1)
17.1424 	EXP 	Created instructions_title = TextStim(__class__=<class 'psychopy.visual.text.TextStim'>, alignHoriz='center', alignVert='center', antialias=True, autoLog=True, bold=False, color='yellow', colorSpace='named', contrast=1.0, depth=0.0, flipHoriz=False, flipVert=False, font='Arial', fontFiles=[], height=0.08, italic=False, languageStyle='LTR', name='instructions_title', opacity=1.0, ori=0, pos=array([0. , 0.4]), rgb=array([255., 255.,   0.]), text='Instructions', units='height', win=Window(...), wrapWidth=1)
17.1955 	EXP 	Created instructions_text = TextStim(__class__=<class 'psychopy.visual.text.TextStim'>, alignHoriz='center', alignVert='center', antialias=True, autoLog=True, bold=False, color='white', colorSpace='named', contrast=1.0, depth=-1.0, flipHoriz=False, flipVert=False, font='Arial', fontFiles=[], height=0.05, italic=False, languageStyle='LTR', name='instructions_text', opacity=1.0, ori=0, pos=array([0., 0.]), rgb=array([255., 255., 255.]), text=str(...), units='height', win=Window(...), wrapWidth=1)
17.2042 	EXP 	Created instructions_next = TextStim(__class__=<class 'psychopy.visual.text.TextStim'>, alignHoriz='center', alignVert='center', antialias=True, autoLog=True, bold=False, color='yellow', colorSpace='named', contrast=1.0, depth=-2.0, flipHoriz=False, flipVert=False, font='Arial', fontFiles=[], height=0.05, italic=False, languageStyle='LTR', name='instructions_next', opacity=1.0, ori=0, pos=array([ 0.5, -0.4]), rgb=array([255., 255.,   0.]), text="Press 'return' to start! >", units='height', win=Window(...), wrapWidth=1)
17.4159 	EXP 	Created trial_fixation = TextStim(__class__=<class 'psychopy.visual.text.TextStim'>, alignHoriz='center', alignVert='center', antialias=True, autoLog=True, bold=False, color='yellow', colorSpace='named', contrast=1.0, depth=0.0, flipHoriz=False, flipVert=False, font='Arial', fontFiles=[], height=0.15, italic=False, languageStyle='LTR', name='trial_fixation', opacity=1.0, ori=0, pos=array([0., 0.]), rgb=array([255., 255.,   0.]), text='+', units='height', win=Window(...), wrapWidth=1)
17.4316 	EXP 	Created trial_word = TextStim(__class__=<class 'psychopy.visual.text.TextStim'>, alignHoriz='center', alignVert='center', antialias=True, autoLog=True, bold=False, color='white', colorSpace='named', contrast=1.0, depth=-1.0, flipHoriz=False, flipVert=False, font='Arial', fontFiles=[], height=0.025, italic=False, languageStyle='LTR', name='trial_word', opacity=1.0, ori=0, pos=array([-0.4,  0.3]), rgb=array([255., 255., 255.]), text='default text', units='height', win=Window(...), wrapWidth=1)
17.7460 	EXP 	Sound trial_sound set volume 1.000
17.7575 	EXP 	Created trial_response_display = TextStim(__class__=<class 'psychopy.visual.text.TextStim'>, alignHoriz='center', alignVert='center', antialias=True, autoLog=True, bold=False, color='yellow', colorSpace='named', contrast=1.0, depth=-3.0, flipHoriz=False, flipVert=False, font='Arial', fontFiles=[], height=0.1, italic=False, languageStyle='LTR', name='trial_response_display', opacity=1.0, ori=0, pos=array([0., 0.]), rgb=array([255., 255.,   0.]), text='default text', units='height', win=Window(...), wrapWidth=1)
17.7717 	EXP 	Created farewell_text = TextStim(__class__=<class 'psychopy.visual.text.TextStim'>, alignHoriz='center', alignVert='center', antialias=True, autoLog=True, bold=False, color='white', colorSpace='named', contrast=1.0, depth=0.0, flipHoriz=False, flipVert=False, font='Arial', fontFiles=[], height=0.1, italic=False, languageStyle='LTR', name='farewell_text', opacity=1.0, ori=0, pos=array([0., 0.]), rgb=array([255., 255., 255.]), text='Thank you!', units='height', win=Window(...), wrapWidth=1)
18.0136 	EXP 	Created farewell_next = TextStim(__class__=<class 'psychopy.visual.text.TextStim'>, alignHoriz='center', alignVert='center', antialias=True, autoLog=True, bold=False, color='yellow', colorSpace='named', contrast=1.0, depth=-2.0, flipHoriz=False, flipVert=False, font='Arial', fontFiles=[], height=0.05, italic=False, languageStyle='LTR', name='farewell_next', opacity=1.0, ori=0, pos=array([ 0.5, -0.4]), rgb=array([255., 255.,   0.]), text="Press 'return' key >>", units='height', win=Window(...), wrapWidth=1)
18.0282 	EXP 	text_welcome: autoDraw = True
18.0282 	EXP 	welcome_next: autoDraw = True
19.4252 	DATA 	Keypress: return
19.4322 	EXP 	text_welcome: autoDraw = False
19.4322 	EXP 	welcome_next: autoDraw = False
19.4322 	EXP 	instructions_title: autoDraw = True
19.4322 	EXP 	instructions_text: autoDraw = True
19.4322 	EXP 	instructions_next: autoDraw = True
20.6615 	EXP 	Imported Stimuli/trials.xlsx as conditions, 86 conditions, 3 params
20.6625 	EXP 	Created sequence: random, trialTypes=86, nReps=1, seed=None
20.6630 	EXP 	New trial (rep=0, index=0): OrderedDict([('TrialID', 56), ('Word', 'onada'), ('FileName', 'Stimuli/Sounds/onada.wav')])
20.6903 	DATA 	Keypress: return
20.7020 	EXP 	instructions_title: autoDraw = False
20.7020 	EXP 	instructions_text: autoDraw = False
20.7020 	EXP 	instructions_next: autoDraw = False
20.7020 	EXP 	trial_word: text = '[Testing sound: onada]'
20.7020 	EXP 	trial_response_display: text = ' '
20.7020 	EXP 	trial_fixation: autoDraw = True
20.7020 	EXP 	trial_response_display: text = ''
21.6877 	EXP 	Sound trial_sound started
21.6879 	EXP 	trial_word: autoDraw = True
21.6879 	EXP 	trial_response_display: autoDraw = True
21.7045 	EXP 	trial_fixation: autoDraw = False
22.5576 	EXP 	Sound trial_sound reached end of file
24.3641 	DATA 	Keypress: escape
24.7855 	EXP 	window1: mouseVisible = True
