59.9194 	EXP 	Created window1 = Window(allowGUI=False, allowStencil=False, args=UNKNOWN, autoLog=True, bitsMode=UNKNOWN, blendMode='avg', color=array([-1., -1., -1.]), colorSpace='rgb', fullscr=<method-wrapper '__getattribute__' of attributeSetter object at 0x137546c18>, gamma=None, gammaErrorPolicy='raise', kwargs=UNKNOWN, lms=UNKNOWN, monitor=<psychopy.monitors.calibTools.Monitor object at 0x137380e80>, multiSample=False, name='window1', numSamples=2, pos=[0.0, 0.0], screen=0, size=array([1440,  900]), stereo=False, units='height', useFBO=True, useRetina=False, viewOri=0.0, viewPos=None, viewScale=None, waitBlanking=True, winType='pyglet')
59.9194 	EXP 	window1: recordFrameIntervals = False
60.0852 	EXP 	window1: recordFrameIntervals = True
60.2708 	EXP 	window1: recordFrameIntervals = False
62.5028 	EXP 	Created text_welcome = TextStim(__class__=<class 'psychopy.visual.text.TextStim'>, alignHoriz='center', alignVert='center', antialias=True, autoLog=True, bold=False, color='white', colorSpace='named', contrast=1.0, depth=0.0, flipHoriz=False, flipVert=False, font='Arial', fontFiles=[], height=0.1, italic=False, languageStyle='LTR', name='text_welcome', opacity=1.0, ori=0, pos=array([0. , 0.1]), rgb=array([255., 255., 255.]), text='Welcome!', units='height', win=Window(...), wrapWidth=1)
62.5273 	EXP 	Created welcome_text = TextStim(__class__=<class 'psychopy.visual.text.TextStim'>, alignHoriz='center', alignVert='center', antialias=True, autoLog=True, bold=False, color='yellow', colorSpace='named', contrast=1.0, depth=-1.0, flipHoriz=False, flipVert=False, font='Arial', fontFiles=[], height=0.05, italic=False, languageStyle='LTR', name='welcome_text', opacity=1.0, ori=0, pos=array([ 0. , -0.1]), rgb=array([255., 255.,   0.]), text='Please, use headphones', units='height', win=Window(...), wrapWidth=1)
62.5470 	EXP 	Created welcome_next = TextStim(__class__=<class 'psychopy.visual.text.TextStim'>, alignHoriz='center', alignVert='center', antialias=True, autoLog=True, bold=False, color='yellow', colorSpace='named', contrast=1.0, depth=-2.0, flipHoriz=False, flipVert=False, font='Arial', fontFiles=[], height=0.05, italic=False, languageStyle='LTR', name='welcome_next', opacity=1.0, ori=0, pos=array([ 0.5, -0.4]), rgb=array([255., 255.,   0.]), text="Press 'return' key >>", units='height', win=Window(...), wrapWidth=1)
62.8383 	EXP 	Created instructions_title = TextStim(__class__=<class 'psychopy.visual.text.TextStim'>, alignHoriz='center', alignVert='center', antialias=True, autoLog=True, bold=False, color='yellow', colorSpace='named', contrast=1.0, depth=0.0, flipHoriz=False, flipVert=False, font='Arial', fontFiles=[], height=0.08, italic=False, languageStyle='LTR', name='instructions_title', opacity=1.0, ori=0, pos=array([0. , 0.4]), rgb=array([255., 255.,   0.]), text='Instructions', units='height', win=Window(...), wrapWidth=1)
62.9018 	EXP 	Created instructions_text = TextStim(__class__=<class 'psychopy.visual.text.TextStim'>, alignHoriz='center', alignVert='center', antialias=True, autoLog=True, bold=False, color='white', colorSpace='named', contrast=1.0, depth=-1.0, flipHoriz=False, flipVert=False, font='Arial', fontFiles=[], height=0.05, italic=False, languageStyle='LTR', name='instructions_text', opacity=1.0, ori=0, pos=array([0., 0.]), rgb=array([255., 255., 255.]), text=str(...), units='height', win=Window(...), wrapWidth=1)
62.9116 	EXP 	Created instructions_next = TextStim(__class__=<class 'psychopy.visual.text.TextStim'>, alignHoriz='center', alignVert='center', antialias=True, autoLog=True, bold=False, color='yellow', colorSpace='named', contrast=1.0, depth=-2.0, flipHoriz=False, flipVert=False, font='Arial', fontFiles=[], height=0.05, italic=False, languageStyle='LTR', name='instructions_next', opacity=1.0, ori=0, pos=array([ 0.5, -0.4]), rgb=array([255., 255.,   0.]), text="Press 'return' to start! >", units='height', win=Window(...), wrapWidth=1)
63.1734 	EXP 	Created trial_fixation = TextStim(__class__=<class 'psychopy.visual.text.TextStim'>, alignHoriz='center', alignVert='center', antialias=True, autoLog=True, bold=False, color='yellow', colorSpace='named', contrast=1.0, depth=0.0, flipHoriz=False, flipVert=False, font='Arial', fontFiles=[], height=0.15, italic=False, languageStyle='LTR', name='trial_fixation', opacity=1.0, ori=0, pos=array([0., 0.]), rgb=array([255., 255.,   0.]), text='+', units='height', win=Window(...), wrapWidth=1)
63.1908 	EXP 	Created trial_word = TextStim(__class__=<class 'psychopy.visual.text.TextStim'>, alignHoriz='center', alignVert='center', antialias=True, autoLog=True, bold=False, color='white', colorSpace='named', contrast=1.0, depth=-1.0, flipHoriz=False, flipVert=False, font='Arial', fontFiles=[], height=0.025, italic=False, languageStyle='LTR', name='trial_word', opacity=1.0, ori=0, pos=array([-0.4,  0.3]), rgb=array([255., 255., 255.]), text='default text', units='height', win=Window(...), wrapWidth=1)
63.2358 	EXP 	Sound trial_sound set volume 1.000
63.2374 	EXP 	Created trial_response_display = TextStim(__class__=<class 'psychopy.visual.text.TextStim'>, alignHoriz='center', alignVert='center', antialias=True, autoLog=True, bold=False, color='yellow', colorSpace='named', contrast=1.0, depth=-3.0, flipHoriz=False, flipVert=False, font='Arial', fontFiles=[], height=0.1, italic=False, languageStyle='LTR', name='trial_response_display', opacity=1.0, ori=0, pos=array([0., 0.]), rgb=array([255., 255.,   0.]), text='', units='height', win=Window(...), wrapWidth=1)
63.2577 	EXP 	Created farewell_text = TextStim(__class__=<class 'psychopy.visual.text.TextStim'>, alignHoriz='center', alignVert='center', antialias=True, autoLog=True, bold=False, color='white', colorSpace='named', contrast=1.0, depth=0.0, flipHoriz=False, flipVert=False, font='Arial', fontFiles=[], height=0.1, italic=False, languageStyle='LTR', name='farewell_text', opacity=1.0, ori=0, pos=array([0., 0.]), rgb=array([255., 255., 255.]), text='Thank you!', units='height', win=Window(...), wrapWidth=1)
63.5598 	EXP 	Created farewell_next = TextStim(__class__=<class 'psychopy.visual.text.TextStim'>, alignHoriz='center', alignVert='center', antialias=True, autoLog=True, bold=False, color='yellow', colorSpace='named', contrast=1.0, depth=-2.0, flipHoriz=False, flipVert=False, font='Arial', fontFiles=[], height=0.05, italic=False, languageStyle='LTR', name='farewell_next', opacity=1.0, ori=0, pos=array([ 0.5, -0.4]), rgb=array([255., 255.,   0.]), text="Press 'return' key >>", units='height', win=Window(...), wrapWidth=1)
63.5962 	EXP 	text_welcome: autoDraw = True
63.5962 	EXP 	welcome_text: autoDraw = True
63.5962 	EXP 	welcome_next: autoDraw = True
83.0459 	DATA 	Mouse: Left button down, pos=(1007,0)
83.1375 	DATA 	Mouse:  Left button up, pos=(1007,0)
84.3921 	DATA 	Keypress: return
84.4022 	EXP 	text_welcome: autoDraw = False
84.4022 	EXP 	welcome_text: autoDraw = False
84.4022 	EXP 	welcome_next: autoDraw = False
84.4022 	EXP 	instructions_title: autoDraw = True
84.4022 	EXP 	instructions_text: autoDraw = True
84.4022 	EXP 	instructions_next: autoDraw = True
100.7563 	EXP 	Imported Stimuli/trials.xlsx as conditions, 86 conditions, 3 params
100.7576 	EXP 	Created sequence: random, trialTypes=86, nReps=1, seed=None
100.7595 	EXP 	New trial (rep=0, index=0): OrderedDict([('TrialID', 32), ('Word', 'formiga'), ('FileName', 'Stimuli/Sounds/formiga.wav')])
100.8180 	DATA 	Keypress: return
100.8270 	EXP 	instructions_title: autoDraw = False
100.8270 	EXP 	instructions_text: autoDraw = False
100.8270 	EXP 	instructions_next: autoDraw = False
100.8270 	EXP 	trial_word: text = '[Testing sound: formiga]'
100.8270 	EXP 	trial_response_display: text = ''
100.8270 	EXP 	trial_fixation: autoDraw = True
100.8270 	EXP 	trial_response_display: text = ''
101.8149 	EXP 	trial_word: autoDraw = True
101.8149 	EXP 	trial_response_display: autoDraw = True
101.8336 	EXP 	trial_fixation: autoDraw = False
104.5240 	DATA 	Keypress: a
104.5548 	EXP 	trial_response_display: text = 'a'
104.6940 	DATA 	Keypress: n
104.7238 	EXP 	trial_response_display: text = 'an'
104.8740 	DATA 	Keypress: t
104.9076 	EXP 	trial_response_display: text = 'ant'
107.3146 	EXP 	New trial (rep=0, index=1): OrderedDict([('TrialID', 39), ('Word', 'girafa'), ('FileName', 'Stimuli/Sounds/girafa.wav')])
107.3450 	EXP 	trial_word: autoDraw = False
107.3450 	EXP 	trial_response_display: autoDraw = False
107.3450 	EXP 	trial_fixation: autoDraw = False
107.3450 	EXP 	trial_word: autoDraw = False
107.3450 	EXP 	trial_response_display: autoDraw = False
107.3450 	EXP 	trial_word: text = '[Testing sound: girafa]'
107.3450 	EXP 	trial_response_display: text = ''
107.3450 	EXP 	trial_fixation: autoDraw = True
108.3313 	EXP 	trial_word: autoDraw = True
108.3313 	EXP 	trial_response_display: autoDraw = True
108.3473 	EXP 	trial_fixation: autoDraw = False
110.5791 	DATA 	Keypress: g
110.6198 	EXP 	trial_response_display: text = 'g'
110.6580 	DATA 	Keypress: i
110.7112 	EXP 	trial_response_display: text = 'gi'
110.7901 	DATA 	Keypress: r
110.8214 	EXP 	trial_response_display: text = 'gir'
111.0288 	DATA 	Keypress: a
111.0577 	EXP 	trial_response_display: text = 'gira'
111.3089 	DATA 	Keypress: f
111.3394 	EXP 	trial_response_display: text = 'giraf'
111.4802 	DATA 	Keypress: f
111.5227 	EXP 	trial_response_display: text = 'giraff'
111.6288 	DATA 	Keypress: e
111.6567 	EXP 	trial_response_display: text = 'giraffe'
113.8192 	EXP 	New trial (rep=0, index=2): OrderedDict([('TrialID', 4), ('Word', 'amanida'), ('FileName', 'Stimuli/Sounds/amanida.wav')])
113.8469 	EXP 	trial_word: autoDraw = False
113.8469 	EXP 	trial_response_display: autoDraw = False
113.8469 	EXP 	trial_fixation: autoDraw = False
113.8469 	EXP 	trial_word: autoDraw = False
113.8469 	EXP 	trial_response_display: autoDraw = False
113.8469 	EXP 	trial_word: text = '[Testing sound: amanida]'
113.8469 	EXP 	trial_response_display: text = ''
113.8469 	EXP 	trial_fixation: autoDraw = True
114.8331 	EXP 	trial_word: autoDraw = True
114.8331 	EXP 	trial_response_display: autoDraw = True
114.8483 	EXP 	trial_fixation: autoDraw = False
116.9577 	DATA 	Keypress: s
117.0057 	EXP 	trial_response_display: text = 's'
117.0124 	DATA 	Keypress: a
117.0537 	EXP 	trial_response_display: text = 'sa'
118.1984 	DATA 	Keypress: l
118.2402 	EXP 	trial_response_display: text = 'sal'
118.2981 	DATA 	Keypress: a
118.3276 	EXP 	trial_response_display: text = 'sala'
118.6112 	DATA 	Keypress: d
118.6589 	EXP 	trial_response_display: text = 'salad'
120.3454 	EXP 	New trial (rep=0, index=3): OrderedDict([('TrialID', 40), ('Word', 'globus'), ('FileName', 'Stimuli/Sounds/globus.wav')])
120.3800 	EXP 	trial_word: autoDraw = False
120.3800 	EXP 	trial_response_display: autoDraw = False
120.3800 	EXP 	trial_fixation: autoDraw = False
120.3800 	EXP 	trial_word: autoDraw = False
120.3800 	EXP 	trial_response_display: autoDraw = False
120.3800 	EXP 	trial_word: text = '[Testing sound: globus]'
120.3800 	EXP 	trial_response_display: text = ''
120.3800 	EXP 	trial_fixation: autoDraw = True
121.3682 	EXP 	trial_word: autoDraw = True
121.3682 	EXP 	trial_response_display: autoDraw = True
121.3820 	EXP 	trial_fixation: autoDraw = False
123.2244 	DATA 	Keypress: o
123.2540 	EXP 	trial_response_display: text = 'o'
123.3571 	DATA 	Keypress: o
123.3875 	EXP 	trial_response_display: text = 'oo'
123.5129 	DATA 	Keypress: d
123.5581 	EXP 	trial_response_display: text = 'ood'
123.6251 	DATA 	Keypress: l
123.6562 	EXP 	trial_response_display: text = 'oodl'
123.8103 	DATA 	Keypress: s
123.8390 	EXP 	trial_response_display: text = 'oodls'
124.2788 	DATA 	Keypress: p
124.3232 	EXP 	trial_response_display: text = 'oodlsp'
124.4456 	DATA 	Keypress: w
124.4740 	EXP 	trial_response_display: text = 'oodlspw'
124.9632 	DATA 	Keypress: o
124.9919 	EXP 	trial_response_display: text = 'oodlspwo'
125.2961 	DATA 	Keypress: d
125.3260 	EXP 	trial_response_display: text = 'oodlspwod'
125.4695 	DATA 	Keypress: o
125.5097 	EXP 	trial_response_display: text = 'oodlspwodo'
125.6835 	DATA 	Keypress: o
125.7273 	EXP 	trial_response_display: text = 'oodlspwodoo'
126.1476 	DATA 	Keypress: d
126.1743 	EXP 	trial_response_display: text = 'oodlspwodood'
126.3034 	DATA 	Keypress: o
126.3472 	EXP 	trial_response_display: text = 'oodlspwodoodo'
126.5153 	DATA 	Keypress: o
126.5457 	EXP 	trial_response_display: text = 'oodlspwodoodoo'
126.7832 	DATA 	Keypress: s
126.8474 	EXP 	trial_response_display: text = 'oodlspwodoodoos'
126.8690 	EXP 	New trial (rep=0, index=4): OrderedDict([('TrialID', 57), ('Word', 'orella'), ('FileName', 'Stimuli/Sounds/orella.wav')])
126.9159 	EXP 	trial_word: autoDraw = False
126.9159 	EXP 	trial_response_display: autoDraw = False
126.9159 	EXP 	trial_fixation: autoDraw = False
126.9159 	EXP 	trial_word: autoDraw = False
126.9159 	EXP 	trial_response_display: autoDraw = False
126.9159 	EXP 	trial_word: text = '[Testing sound: orella]'
126.9159 	EXP 	trial_response_display: text = ''
126.9159 	EXP 	trial_fixation: autoDraw = True
127.9029 	EXP 	trial_word: autoDraw = True
127.9029 	EXP 	trial_response_display: autoDraw = True
127.9164 	EXP 	trial_fixation: autoDraw = False
129.5287 	DATA 	Keypress: o
129.5575 	EXP 	trial_response_display: text = 'o'
129.7252 	DATA 	Keypress: o
129.7552 	EXP 	trial_response_display: text = 'oo'
129.9150 	DATA 	Keypress: e
129.9414 	EXP 	trial_response_display: text = 'ooe'
130.0922 	DATA 	Keypress: k
130.1247 	EXP 	trial_response_display: text = 'ooek'
130.4107 	DATA 	Keypress: d
130.4560 	EXP 	trial_response_display: text = 'ooekd'
130.6763 	DATA 	Keypress: comma
130.6902 	EXP 	trial_response_display: text = 'ooekd'
130.8597 	DATA 	Keypress: comma
130.8756 	EXP 	trial_response_display: text = 'ooekd'
131.3331 	DATA 	Keypress: s
131.3736 	EXP 	trial_response_display: text = 'ooekds'
131.7824 	DATA 	Keypress: k
131.8281 	EXP 	trial_response_display: text = 'ooekdsk'
132.0785 	DATA 	Keypress: s
132.1084 	EXP 	trial_response_display: text = 'ooekdsks'
132.6397 	DATA 	Keypress: o
132.6968 	EXP 	trial_response_display: text = 'ooekdskso'
133.4047 	EXP 	New trial (rep=0, index=5): OrderedDict([('TrialID', 11), ('Word', 'bol'), ('FileName', 'Stimuli/Sounds/bol.wav')])
133.4562 	EXP 	trial_word: autoDraw = False
133.4562 	EXP 	trial_response_display: autoDraw = False
133.4562 	EXP 	trial_fixation: autoDraw = False
133.4562 	EXP 	trial_word: autoDraw = False
133.4562 	EXP 	trial_response_display: autoDraw = False
133.4562 	EXP 	trial_word: text = '[Testing sound: bol]'
133.4562 	EXP 	trial_response_display: text = ''
133.4562 	EXP 	trial_fixation: autoDraw = True
134.4512 	EXP 	trial_word: autoDraw = True
134.4512 	EXP 	trial_response_display: autoDraw = True
134.4693 	EXP 	trial_fixation: autoDraw = False
136.0974 	DATA 	Keypress: space
136.1228 	EXP 	trial_response_display: text = ' '
136.3620 	DATA 	Keypress: space
136.3888 	EXP 	trial_response_display: text = '  '
136.5317 	DATA 	Keypress: m
136.5568 	EXP 	trial_response_display: text = '  m'
136.7965 	DATA 	Keypress: space
136.8289 	EXP 	trial_response_display: text = '  m '
136.9799 	DATA 	Keypress: space
137.0139 	EXP 	trial_response_display: text = '  m  '
137.1141 	DATA 	Keypress: space
137.1422 	EXP 	trial_response_display: text = '  m   '
137.3135 	DATA 	Keypress: m
137.3590 	EXP 	trial_response_display: text = '  m   m'
137.5034 	DATA 	Keypress: space
137.5611 	EXP 	trial_response_display: text = '  m   m '
137.6813 	DATA 	Keypress: space
137.7254 	EXP 	trial_response_display: text = '  m   m  '
137.8292 	DATA 	Keypress: space
137.8733 	EXP 	trial_response_display: text = '  m   m   '
137.9788 	DATA 	Keypress: space
137.9941 	EXP 	trial_response_display: text = '  m   m    '
138.1454 	DATA 	Keypress: m
138.1753 	EXP 	trial_response_display: text = '  m   m    m'
138.3331 	DATA 	Keypress: space
138.3606 	EXP 	trial_response_display: text = '  m   m    m '
138.4806 	DATA 	Keypress: space
138.5110 	EXP 	trial_response_display: text = '  m   m    m  '
138.6101 	DATA 	Keypress: space
138.6455 	EXP 	trial_response_display: text = '  m   m    m   '
138.7813 	DATA 	Keypress: space
138.8086 	EXP 	trial_response_display: text = '  m   m    m    '
138.9198 	DATA 	Keypress: m
138.9628 	EXP 	trial_response_display: text = '  m   m    m    m'
139.1412 	DATA 	Keypress: space
139.1985 	EXP 	trial_response_display: text = '  m   m    m    m '
139.3025 	DATA 	Keypress: space
139.3485 	EXP 	trial_response_display: text = '  m   m    m    m  '
139.5372 	DATA 	Keypress: k
139.5644 	EXP 	trial_response_display: text = '  m   m    m    m  k'
139.7363 	DATA 	Keypress: k
139.7671 	EXP 	trial_response_display: text = '  m   m    m    m  kk'
139.9527 	EXP 	New trial (rep=0, index=6): OrderedDict([('TrialID', 24), ('Word', 'cotxe'), ('FileName', 'Stimuli/Sounds/cotxe.wav')])
139.9819 	DATA 	Keypress: k
139.9999 	EXP 	trial_word: autoDraw = False
139.9999 	EXP 	trial_response_display: autoDraw = False
139.9999 	EXP 	trial_fixation: autoDraw = False
139.9999 	EXP 	trial_word: autoDraw = False
139.9999 	EXP 	trial_response_display: autoDraw = False
139.9999 	EXP 	trial_word: text = '[Testing sound: cotxe]'
139.9999 	EXP 	trial_response_display: text = ''
139.9999 	EXP 	trial_fixation: autoDraw = True
139.9999 	EXP 	trial_response_display: text = 'k'
140.1872 	DATA 	Keypress: space
140.2389 	EXP 	trial_response_display: text = 'k '
141.0178 	EXP 	trial_fixation: autoDraw = False
141.0178 	EXP 	trial_word: autoDraw = True
141.0178 	EXP 	trial_response_display: autoDraw = True
142.3448 	DATA 	Keypress: g
142.3730 	EXP 	trial_response_display: text = 'k g'
142.7115 	DATA 	Keypress: o
142.7396 	EXP 	trial_response_display: text = 'k go'
143.3667 	DATA 	Keypress: backslash
143.4067 	EXP 	trial_response_display: text = 'k go'
143.9278 	DATA 	Keypress: f
143.9589 	EXP 	trial_response_display: text = 'k gof'
144.3812 	DATA 	Keypress: s
144.4103 	EXP 	trial_response_display: text = 'k gofs'
144.7373 	DATA 	Keypress: d
144.7780 	EXP 	trial_response_display: text = 'k gofsd'
145.2690 	DATA 	Keypress: space
145.2996 	EXP 	trial_response_display: text = 'k gofsd '
145.8053 	DATA 	Keypress: return
145.8158 	EXP 	trial_response_display: text = 'k gofsd '
146.5208 	EXP 	New trial (rep=0, index=7): OrderedDict([('TrialID', 33), ('Word', 'forquilla'), ('FileName', 'Stimuli/Sounds/forquilla.wav')])
146.5674 	EXP 	trial_word: autoDraw = False
146.5674 	EXP 	trial_response_display: autoDraw = False
146.5674 	EXP 	trial_fixation: autoDraw = False
146.5674 	EXP 	trial_word: autoDraw = False
146.5674 	EXP 	trial_response_display: autoDraw = False
146.5674 	EXP 	trial_word: text = '[Testing sound: forquilla]'
146.5674 	EXP 	trial_response_display: text = ''
146.5674 	EXP 	trial_fixation: autoDraw = True
146.6392 	DATA 	Keypress: d
146.6682 	EXP 	trial_response_display: text = 'd'
147.5723 	EXP 	trial_word: autoDraw = True
147.5723 	EXP 	trial_response_display: autoDraw = True
147.5859 	EXP 	trial_fixation: autoDraw = False
148.7593 	DATA 	Keypress: 4
148.7731 	EXP 	trial_response_display: text = 'd'
148.9778 	DATA 	Keypress: 4
148.9907 	EXP 	trial_response_display: text = 'd'
149.1475 	DATA 	Keypress: 4
149.1745 	EXP 	trial_response_display: text = 'd'
149.4118 	DATA 	Keypress: 9
149.4243 	EXP 	trial_response_display: text = 'd'
149.5606 	DATA 	Keypress: 9
149.5753 	EXP 	trial_response_display: text = 'd'
149.6949 	DATA 	Keypress: 3
149.7095 	EXP 	trial_response_display: text = 'd'
150.4173 	DATA 	Keypress: k
150.4606 	EXP 	trial_response_display: text = 'dk'
150.5646 	DATA 	Keypress: k
150.6038 	EXP 	trial_response_display: text = 'dkk'
150.9178 	DATA 	Keypress: k
150.9631 	EXP 	trial_response_display: text = 'dkkk'
151.1833 	DATA 	Keypress: d
151.2172 	EXP 	trial_response_display: text = 'dkkkd'
153.0728 	EXP 	New trial (rep=0, index=8): OrderedDict([('TrialID', 29), ('Word', 'estrella'), ('FileName', 'Stimuli/Sounds/estrella.wav')])
153.1168 	EXP 	trial_word: autoDraw = False
153.1168 	EXP 	trial_response_display: autoDraw = False
153.1168 	EXP 	trial_fixation: autoDraw = False
153.1168 	EXP 	trial_word: autoDraw = False
153.1168 	EXP 	trial_response_display: autoDraw = False
153.1168 	EXP 	trial_word: text = '[Testing sound: estrella]'
153.1168 	EXP 	trial_response_display: text = ''
153.1168 	EXP 	trial_fixation: autoDraw = True
154.0866 	EXP 	trial_word: autoDraw = True
154.0866 	EXP 	trial_response_display: autoDraw = True
154.1198 	EXP 	trial_fixation: autoDraw = False
155.7123 	DATA 	Keypress: n
155.7405 	EXP 	trial_response_display: text = 'n'
155.8099 	DATA 	Keypress: o
155.8288 	EXP 	trial_response_display: text = 'no'
155.9777 	DATA 	Keypress: space
156.0081 	EXP 	trial_response_display: text = 'no '
156.1939 	DATA 	Keypress: s
156.2389 	EXP 	trial_response_display: text = 'no s'
156.3782 	DATA 	Keypress: p
156.4274 	EXP 	trial_response_display: text = 'no sp'
156.4318 	DATA 	Keypress: e
156.4591 	EXP 	trial_response_display: text = 'no spe'
156.5790 	DATA 	Keypress: c
156.6113 	EXP 	trial_response_display: text = 'no spec'
156.6137 	DATA 	Keypress: i
156.6402 	EXP 	trial_response_display: text = 'no speci'
156.7473 	DATA 	Keypress: a
156.7748 	EXP 	trial_response_display: text = 'no specia'
156.8454 	DATA 	Keypress: l
156.8782 	EXP 	trial_response_display: text = 'no special'
156.9405 	DATA 	Keypress: space
156.9791 	EXP 	trial_response_display: text = 'no special '
157.1028 	DATA 	Keypress: c
157.1387 	EXP 	trial_response_display: text = 'no special c'
157.1679 	DATA 	Keypress: h
157.2131 	EXP 	trial_response_display: text = 'no special ch'
157.2357 	DATA 	Keypress: a
157.2637 	EXP 	trial_response_display: text = 'no special cha'
157.3702 	DATA 	Keypress: r
157.4289 	EXP 	trial_response_display: text = 'no special char'
157.5056 	DATA 	Keypress: a
157.5487 	EXP 	trial_response_display: text = 'no special chara'
157.6844 	DATA 	Keypress: c
157.7126 	EXP 	trial_response_display: text = 'no special charac'
157.9149 	DATA 	Keypress: t
157.9468 	EXP 	trial_response_display: text = 'no special charact'
157.9738 	DATA 	Keypress: e
158.0133 	EXP 	trial_response_display: text = 'no special characte'
158.0488 	DATA 	Keypress: r
158.0979 	EXP 	trial_response_display: text = 'no special character'
158.1894 	DATA 	Keypress: s
158.2316 	EXP 	trial_response_display: text = 'no special characters'
159.5861 	EXP 	New trial (rep=0, index=9): OrderedDict([('TrialID', 65), ('Word', 'planta'), ('FileName', 'Stimuli/Sounds/planta.wav')])
159.6356 	EXP 	trial_word: autoDraw = False
159.6356 	EXP 	trial_response_display: autoDraw = False
159.6356 	EXP 	trial_fixation: autoDraw = False
159.6356 	EXP 	trial_word: autoDraw = False
159.6356 	EXP 	trial_response_display: autoDraw = False
159.6356 	EXP 	trial_word: text = '[Testing sound: planta]'
159.6356 	EXP 	trial_response_display: text = ''
159.6356 	EXP 	trial_fixation: autoDraw = True
160.6206 	EXP 	trial_word: autoDraw = True
160.6206 	EXP 	trial_response_display: autoDraw = True
160.6370 	EXP 	trial_fixation: autoDraw = False
162.1318 	DATA 	Keypress: n
162.1575 	EXP 	trial_response_display: text = 'n'
162.2319 	DATA 	Keypress: o
162.2600 	EXP 	trial_response_display: text = 'no'
162.5012 	DATA 	Keypress: space
162.5622 	EXP 	trial_response_display: text = 'no '
162.7484 	DATA 	Keypress: n
162.7931 	EXP 	trial_response_display: text = 'no n'
162.8479 	DATA 	Keypress: u
162.8930 	EXP 	trial_response_display: text = 'no nu'
163.0796 	DATA 	Keypress: m
163.1098 	EXP 	trial_response_display: text = 'no num'
163.2692 	DATA 	Keypress: b
163.3141 	EXP 	trial_response_display: text = 'no numb'
163.3999 	DATA 	Keypress: e
163.4476 	EXP 	trial_response_display: text = 'no numbe'
163.4757 	DATA 	Keypress: r
163.5125 	EXP 	trial_response_display: text = 'no number'
163.6367 	DATA 	Keypress: s
163.6789 	EXP 	trial_response_display: text = 'no numbers'
166.1233 	EXP 	New trial (rep=0, index=10): OrderedDict([('TrialID', 80), ('Word', 'tren'), ('FileName', 'Stimuli/Sounds/tren.wav')])
166.1517 	EXP 	trial_word: autoDraw = False
166.1517 	EXP 	trial_response_display: autoDraw = False
166.1517 	EXP 	trial_fixation: autoDraw = False
166.1517 	EXP 	trial_word: autoDraw = False
166.1517 	EXP 	trial_response_display: autoDraw = False
166.1517 	EXP 	trial_word: text = '[Testing sound: tren]'
166.1517 	EXP 	trial_response_display: text = ''
166.1517 	EXP 	trial_fixation: autoDraw = True
167.1385 	EXP 	trial_word: autoDraw = True
167.1385 	EXP 	trial_response_display: autoDraw = True
167.1560 	EXP 	trial_fixation: autoDraw = False
168.1149 	DATA 	Keypress: n
168.1516 	DATA 	Keypress: o
168.1756 	EXP 	trial_response_display: text = 'n'
168.1909 	EXP 	trial_response_display: text = 'no'
168.2848 	DATA 	Keypress: t
168.3241 	EXP 	trial_response_display: text = 'not'
168.3629 	DATA 	Keypress: space
168.4254 	EXP 	trial_response_display: text = 'not '
168.5643 	DATA 	Keypress: p
168.5922 	EXP 	trial_response_display: text = 'not p'
168.6451 	DATA 	Keypress: o
168.6756 	EXP 	trial_response_display: text = 'not po'
168.7621 	DATA 	Keypress: s
168.8253 	EXP 	trial_response_display: text = 'not pos'
168.8984 	DATA 	Keypress: s
168.9589 	EXP 	trial_response_display: text = 'not poss'
169.0677 	DATA 	Keypress: i
169.1124 	EXP 	trial_response_display: text = 'not possi'
169.2457 	DATA 	Keypress: b
169.2772 	EXP 	trial_response_display: text = 'not possib'
169.3139 	DATA 	Keypress: l
169.3502 	EXP 	trial_response_display: text = 'not possibl'
169.4665 	DATA 	Keypress: e
169.5090 	EXP 	trial_response_display: text = 'not possible'
169.5469 	DATA 	Keypress: space
169.5944 	EXP 	trial_response_display: text = 'not possible '
169.6497 	DATA 	Keypress: t
169.6945 	EXP 	trial_response_display: text = 'not possible t'
169.7456 	DATA 	Keypress: o
169.7946 	EXP 	trial_response_display: text = 'not possible to'
169.8726 	DATA 	Keypress: space
169.9121 	EXP 	trial_response_display: text = 'not possible to '
170.3184 	DATA 	Keypress: d
170.3667 	EXP 	trial_response_display: text = 'not possible to d'
170.4013 	DATA 	Keypress: e
170.4317 	EXP 	trial_response_display: text = 'not possible to de'
170.5071 	DATA 	Keypress: l
170.5805 	EXP 	trial_response_display: text = 'not possible to del'
170.5885 	DATA 	Keypress: e
170.6425 	EXP 	trial_response_display: text = 'not possible to dele'
170.7195 	DATA 	Keypress: t
170.7749 	EXP 	trial_response_display: text = 'not possible to delet'
170.8367 	DATA 	Keypress: e
170.8699 	EXP 	trial_response_display: text = 'not possible to delete'
172.6396 	EXP 	New trial (rep=0, index=11): OrderedDict([('TrialID', 31), ('Word', 'flor'), ('FileName', 'Stimuli/Sounds/flor.wav')])
172.6706 	EXP 	trial_word: autoDraw = False
172.6706 	EXP 	trial_response_display: autoDraw = False
172.6706 	EXP 	trial_fixation: autoDraw = False
172.6706 	EXP 	trial_word: autoDraw = False
172.6706 	EXP 	trial_response_display: autoDraw = False
172.6706 	EXP 	trial_word: text = '[Testing sound: flor]'
172.6706 	EXP 	trial_response_display: text = ''
172.6706 	EXP 	trial_fixation: autoDraw = True
173.6411 	EXP 	trial_word: autoDraw = True
173.6411 	EXP 	trial_response_display: autoDraw = True
173.6725 	EXP 	trial_fixation: autoDraw = False
179.1399 	EXP 	New trial (rep=0, index=12): OrderedDict([('TrialID', 53), ('Word', 'moto'), ('FileName', 'Stimuli/Sounds/moto.wav')])
179.1701 	EXP 	trial_word: autoDraw = False
179.1701 	EXP 	trial_response_display: autoDraw = False
179.1701 	EXP 	trial_fixation: autoDraw = False
179.1701 	EXP 	trial_word: autoDraw = False
179.1701 	EXP 	trial_response_display: autoDraw = False
179.1701 	EXP 	trial_word: text = '[Testing sound: moto]'
179.1701 	EXP 	trial_response_display: text = ''
179.1701 	EXP 	trial_fixation: autoDraw = True
180.1418 	EXP 	trial_word: autoDraw = True
180.1418 	EXP 	trial_response_display: autoDraw = True
180.1732 	EXP 	trial_fixation: autoDraw = False
181.6052 	DATA 	Keypress: w
181.6263 	EXP 	trial_response_display: text = 'w'
181.6622 	DATA 	Keypress: h
181.7038 	EXP 	trial_response_display: text = 'wh'
181.7126 	DATA 	Keypress: i
181.7732 	EXP 	trial_response_display: text = 'whi'
181.8503 	DATA 	Keypress: t
181.8940 	EXP 	trial_response_display: text = 'whit'
181.9164 	DATA 	Keypress: e
181.9439 	EXP 	trial_response_display: text = 'white'
182.0197 	DATA 	Keypress: space
182.0776 	EXP 	trial_response_display: text = 'white '
182.1393 	DATA 	Keypress: t
182.1633 	EXP 	trial_response_display: text = 'white t'
182.2305 	DATA 	Keypress: e
182.2619 	EXP 	trial_response_display: text = 'white te'
182.4114 	DATA 	Keypress: x
182.4460 	EXP 	trial_response_display: text = 'white tex'
182.6508 	DATA 	Keypress: t
182.7131 	EXP 	trial_response_display: text = 'white text'
183.4184 	DATA 	Keypress: space
183.4476 	EXP 	trial_response_display: text = 'white text '
185.6415 	EXP 	New trial (rep=0, index=13): OrderedDict([('TrialID', 78), ('Word', 'tobogan'), ('FileName', 'Stimuli/Sounds/tobogan.wav')])
185.6873 	EXP 	trial_word: autoDraw = False
185.6873 	EXP 	trial_response_display: autoDraw = False
185.6873 	EXP 	trial_fixation: autoDraw = False
185.6873 	EXP 	trial_word: autoDraw = False
185.6873 	EXP 	trial_response_display: autoDraw = False
185.6873 	EXP 	trial_word: text = '[Testing sound: tobogan]'
185.6873 	EXP 	trial_response_display: text = ''
185.6873 	EXP 	trial_fixation: autoDraw = True
186.6746 	EXP 	trial_word: autoDraw = True
186.6746 	EXP 	trial_response_display: autoDraw = True
186.7062 	EXP 	trial_fixation: autoDraw = False
187.8134 	DATA 	Keypress: w
187.8421 	EXP 	trial_response_display: text = 'w'
187.8847 	DATA 	Keypress: i
187.9271 	EXP 	trial_response_display: text = 'wi'
188.0640 	DATA 	Keypress: l
188.0937 	EXP 	trial_response_display: text = 'wil'
188.1813 	DATA 	Keypress: l
188.2410 	EXP 	trial_response_display: text = 'will'
188.3494 	DATA 	Keypress: space
188.3982 	EXP 	trial_response_display: text = 'will '
188.4986 	DATA 	Keypress: n
188.5306 	EXP 	trial_response_display: text = 'will n'
188.5680 	DATA 	Keypress: o
188.5974 	EXP 	trial_response_display: text = 'will no'
188.7153 	DATA 	Keypress: t
188.7455 	EXP 	trial_response_display: text = 'will not'
188.8160 	DATA 	Keypress: space
188.8491 	EXP 	trial_response_display: text = 'will not '
189.3521 	DATA 	Keypress: b
189.3803 	EXP 	trial_response_display: text = 'will not b'
189.4550 	DATA 	Keypress: e
189.4999 	EXP 	trial_response_display: text = 'will not be'
189.5367 	DATA 	Keypress: space
189.5666 	EXP 	trial_response_display: text = 'will not be '
189.8204 	DATA 	Keypress: v
189.8713 	EXP 	trial_response_display: text = 'will not be v'
189.9085 	DATA 	Keypress: i
189.9487 	EXP 	trial_response_display: text = 'will not be vi'
190.2980 	DATA 	Keypress: s
190.3496 	EXP 	trial_response_display: text = 'will not be vis'
190.3904 	DATA 	Keypress: i
190.4516 	EXP 	trial_response_display: text = 'will not be visi'
190.5459 	DATA 	Keypress: b
190.6169 	EXP 	trial_response_display: text = 'will not be visib'
190.6531 	DATA 	Keypress: l
190.7136 	EXP 	trial_response_display: text = 'will not be visibl'
190.7879 	DATA 	Keypress: e
190.8364 	EXP 	trial_response_display: text = 'will not be visible'
191.0408 	DATA 	Keypress: space
191.0852 	EXP 	trial_response_display: text = 'will not be visible '
192.1758 	EXP 	New trial (rep=0, index=14): OrderedDict([('TrialID', 46), ('Word', 'llibre'), ('FileName', 'Stimuli/Sounds/llibre.wav')])
192.2088 	EXP 	trial_word: autoDraw = False
192.2088 	EXP 	trial_response_display: autoDraw = False
192.2088 	EXP 	trial_fixation: autoDraw = False
192.2088 	EXP 	trial_word: autoDraw = False
192.2088 	EXP 	trial_response_display: autoDraw = False
192.2088 	EXP 	trial_word: text = '[Testing sound: llibre]'
192.2088 	EXP 	trial_response_display: text = ''
192.2088 	EXP 	trial_fixation: autoDraw = True
193.1747 	EXP 	trial_word: autoDraw = True
193.1747 	EXP 	trial_response_display: autoDraw = True
193.2245 	EXP 	trial_fixation: autoDraw = False
194.8818 	DATA 	Keypress: f
194.8981 	EXP 	trial_response_display: text = 'f'
194.9331 	DATA 	Keypress: o
194.9631 	EXP 	trial_response_display: text = 'fo'
195.0696 	DATA 	Keypress: r
195.0957 	EXP 	trial_response_display: text = 'for'
195.1484 	DATA 	Keypress: space
195.1745 	EXP 	trial_response_display: text = 'for '
195.3847 	DATA 	Keypress: p
195.4147 	EXP 	trial_response_display: text = 'for p'
195.4828 	DATA 	Keypress: a
195.5132 	EXP 	trial_response_display: text = 'for pa'
195.7234 	DATA 	Keypress: r
195.7478 	EXP 	trial_response_display: text = 'for par'
195.9039 	DATA 	Keypress: t
195.9321 	EXP 	trial_response_display: text = 'for part'
195.9847 	DATA 	Keypress: i
196.0155 	EXP 	trial_response_display: text = 'for parti'
196.1046 	DATA 	Keypress: c
196.1428 	DATA 	Keypress: i
196.1667 	EXP 	trial_response_display: text = 'for partic'
196.2107 	DATA 	Keypress: p
196.2417 	EXP 	trial_response_display: text = 'for partici'
196.2821 	EXP 	trial_response_display: text = 'for particip'
196.3191 	DATA 	Keypress: a
196.3488 	EXP 	trial_response_display: text = 'for participa'
196.4400 	DATA 	Keypress: n
196.4677 	EXP 	trial_response_display: text = 'for participan'
196.5563 	DATA 	Keypress: t
196.5998 	EXP 	trial_response_display: text = 'for participant'
196.8085 	DATA 	Keypress: s
196.8506 	EXP 	trial_response_display: text = 'for participants'
198.6782 	EXP 	New trial (rep=0, index=15): OrderedDict([('TrialID', 42), ('Word', 'got'), ('FileName', 'Stimuli/Sounds/got.wav')])
198.7113 	EXP 	trial_word: autoDraw = False
198.7113 	EXP 	trial_response_display: autoDraw = False
198.7113 	EXP 	trial_fixation: autoDraw = False
198.7113 	EXP 	trial_word: autoDraw = False
198.7113 	EXP 	trial_response_display: autoDraw = False
198.7113 	EXP 	trial_word: text = '[Testing sound: got]'
198.7113 	EXP 	trial_response_display: text = ''
198.7113 	EXP 	trial_fixation: autoDraw = True
199.6915 	EXP 	trial_word: autoDraw = True
199.6915 	EXP 	trial_response_display: autoDraw = True
199.7248 	EXP 	trial_fixation: autoDraw = False
201.8286 	DATA 	Keypress: t
201.8741 	DATA 	Keypress: h
201.8822 	EXP 	trial_response_display: text = 't'
201.9092 	EXP 	trial_response_display: text = 'th'
201.9696 	DATA 	Keypress: e
201.9972 	EXP 	trial_response_display: text = 'the'
202.0405 	DATA 	Keypress: r
202.0664 	EXP 	trial_response_display: text = 'ther'
202.1100 	DATA 	Keypress: e
202.1489 	EXP 	trial_response_display: text = 'there'
202.2746 	DATA 	Keypress: space
202.3147 	EXP 	trial_response_display: text = 'there '
202.4197 	DATA 	Keypress: a
202.4822 	EXP 	trial_response_display: text = 'there a'
202.6058 	DATA 	Keypress: r
202.6443 	EXP 	trial_response_display: text = 'there ar'
202.6811 	DATA 	Keypress: e
202.7354 	EXP 	trial_response_display: text = 'there are'
202.8879 	DATA 	Keypress: space
202.9162 	EXP 	trial_response_display: text = 'there are '
203.0541 	DATA 	Keypress: 1
203.0692 	EXP 	trial_response_display: text = 'there are '
203.1567 	DATA 	Keypress: 0
203.1699 	EXP 	trial_response_display: text = 'there are '
203.2867 	DATA 	Keypress: 0
203.3177 	EXP 	trial_response_display: text = 'there are '
203.4910 	DATA 	Keypress: space
203.5522 	EXP 	trial_response_display: text = 'there are  '
203.8241 	DATA 	Keypress: t
203.8522 	EXP 	trial_response_display: text = 'there are  t'
203.8909 	DATA 	Keypress: r
203.9196 	EXP 	trial_response_display: text = 'there are  tr'
203.9909 	DATA 	Keypress: i
204.0194 	EXP 	trial_response_display: text = 'there are  tri'
204.1225 	DATA 	Keypress: a
204.1546 	EXP 	trial_response_display: text = 'there are  tria'
204.2632 	DATA 	Keypress: l
204.3061 	EXP 	trial_response_display: text = 'there are  trial'
204.4100 	DATA 	Keypress: s
204.4539 	EXP 	trial_response_display: text = 'there are  trials'
205.1768 	EXP 	New trial (rep=0, index=16): OrderedDict([('TrialID', 79), ('Word', 'tomàquet'), ('FileName', 'Stimuli/Sounds/tomaquet.wav')])
205.2084 	EXP 	trial_word: autoDraw = False
205.2084 	EXP 	trial_response_display: autoDraw = False
205.2084 	EXP 	trial_fixation: autoDraw = False
205.2084 	EXP 	trial_word: autoDraw = False
205.2084 	EXP 	trial_response_display: autoDraw = False
205.2084 	EXP 	trial_word: text = '[Testing sound: tomàquet]'
205.2084 	EXP 	trial_response_display: text = ''
205.2084 	EXP 	trial_fixation: autoDraw = True
206.1958 	EXP 	trial_word: autoDraw = True
206.1958 	EXP 	trial_response_display: autoDraw = True
206.2101 	EXP 	trial_fixation: autoDraw = False
210.3782 	DATA 	Keypress: escape
210.9613 	EXP 	window1: mouseVisible = True
